0 info it worked if it ends with ok
1 verbose cli [ '/usr/local/bin/node', '/usr/local/bin/npm', 'start' ]
2 info using npm@1.2.14
3 info using node@v0.8.22
4 verbose read json /home/todd/github/gittip-large-badges/package.json
5 verbose run-script [ 'prestart', 'start', 'poststart' ]
6 info prestart gittip-large-badges@0.1.0
7 info start gittip-large-badges@0.1.0
8 verbose unsafe-perm in lifecycle true
9 silly exec sh "-c" "node bin/gittip-large-badges"
10 silly sh,-c,node bin/gittip-large-badges,/home/todd/github/gittip-large-badges spawning
11 info gittip-large-badges@0.1.0 Failed to exec start script
12 error gittip-large-badges@0.1.0 start: `node bin/gittip-large-badges`
12 error `sh "-c" "node bin/gittip-large-badges"` failed with 1
13 error Failed at the gittip-large-badges@0.1.0 start script.
13 error This is most likely a problem with the gittip-large-badges package,
13 error not with npm itself.
13 error Tell the author that this fails on your system:
13 error     node bin/gittip-large-badges
13 error You can get their info via:
13 error     npm owner ls gittip-large-badges
13 error There is likely additional logging output above.
14 error System Linux 3.5.0-17-generic
15 error command "/usr/local/bin/node" "/usr/local/bin/npm" "start"
16 error cwd /home/todd/github/gittip-large-badges
17 error node -v v0.8.22
18 error npm -v 1.2.14
19 error code ELIFECYCLE
20 verbose exit [ 1, true ]
